<?xml version="1.0" encoding="UTF-8"?>
<!-- Generated by org.testng.reporters.JUnitXMLReporter -->
<testsuite ignored="0" hostname="MacBook-Pro" failures="1" tests="2" name="Surefire test" time="13.887" errors="0" timestamp="2023-03-22T23:14:47 EDT">
  <testcase classname="io.cucumber.testng.AbstractTestNGCucumberTests" name="runScenario" time="8.682"/>
  <testcase classname="io.cucumber.testng.AbstractTestNGCucumberTests" name="runScenario" time="4.647">
    <failure type="java.lang.AssertionError" message="expected [ You have entered an incorrect email or student ID.] but found [You have entered an incorrect email or student Id.]">
      <![CDATA[java.lang.AssertionError: expected [ You have entered an incorrect email or student ID.] but found [You have entered an incorrect email or student Id.]
at pageObject.LoginPage.invalidCredentials(LoginPage.java:55)
at stepDefinition.LoginSteps.userShouldSee(LoginSteps.java:56)
at ✽.User should see " You have entered an incorrect email or student ID."(file:///Users/kamrunnessa/Documents/GitStuff/LIPI2/src/test/java/features/login.feature:15)
... Removed 6 stack frames]]>
    </failure>
  </testcase> <!-- runScenario -->
</testsuite> <!-- Surefire test -->
