-------------------------------------------------------------------------------
Test set: TestSuite
-------------------------------------------------------------------------------
Tests run: 2, Failures: 1, Errors: 0, Skipped: 0, Time elapsed: 14.202 s <<< FAILURE! - in TestSuite
TestRunner.runScenario["User should not be able to login with valid email and invalid password", "Optional[Login Feature]"](2)  Time elapsed: 4.716 s  <<< FAILURE!
java.lang.AssertionError: expected [ You have entered an incorrect email or student ID.] but found [You have entered an incorrect email or student Id.]

