<?xml version="1.0" encoding="UTF-8"?>
<testng-results ignored="0" total="3" passed="3" failed="0" skipped="0">
  <reporter-output>
  </reporter-output>
  <suite started-at="2023-03-18T18:57:55 EDT" name="Surefire suite" finished-at="2023-03-18T18:58:09 EDT" duration-ms="13217">
    <groups>
      <group name="cucumber">
        <method signature="AbstractTestNGCucumberTests.runScenario(io.cucumber.testng.PickleWrapper, io.cucumber.testng.FeatureWrapper)[pri:0, instance:TestRunner@6a396c1e]" name="runScenario" class="io.cucumber.testng.AbstractTestNGCucumberTests"/>
      </group> <!-- cucumber -->
    </groups>
    <test started-at="2023-03-18T18:57:55 EDT" name="Surefire test" finished-at="2023-03-18T18:58:09 EDT" duration-ms="13217">
      <class name="TestRunner">
        <test-method is-config="true" signature="setUpClass()[pri:0, instance:TestRunner@6a396c1e]" started-at="2023-03-18T18:57:55 EDT" name="setUpClass" finished-at="2023-03-18T18:57:56 EDT" duration-ms="285" status="PASS">
          <reporter-output>
          </reporter-output>
        </test-method> <!-- setUpClass -->
        <test-method signature="runScenario(io.cucumber.testng.PickleWrapper, io.cucumber.testng.FeatureWrapper)[pri:0, instance:TestRunner@6a396c1e]" started-at="2023-03-18T18:57:56 EDT" name="runScenario" description="Runs Cucumber Scenarios" data-provider="scenarios" finished-at="2023-03-18T18:58:02 EDT" duration-ms="6706" status="PASS">
          <params>
            <param index="0">
              <value>
                <![CDATA["User should be able to login with valid email and password"]]>
              </value>
            </param>
            <param index="1">
              <value>
                <![CDATA["Optional[Login Feature]"]]>
              </value>
            </param>
          </params>
          <reporter-output>
          </reporter-output>
        </test-method> <!-- runScenario -->
        <test-method signature="runScenario(io.cucumber.testng.PickleWrapper, io.cucumber.testng.FeatureWrapper)[pri:0, instance:TestRunner@6a396c1e]" started-at="2023-03-18T18:58:02 EDT" name="runScenario" description="Runs Cucumber Scenarios" data-provider="scenarios" finished-at="2023-03-18T18:58:06 EDT" duration-ms="3320" status="PASS">
          <params>
            <param index="0">
              <value>
                <![CDATA["User should not be able to login with valid email and invalid password"]]>
              </value>
            </param>
            <param index="1">
              <value>
                <![CDATA["Optional[Login Feature]"]]>
              </value>
            </param>
          </params>
          <reporter-output>
          </reporter-output>
        </test-method> <!-- runScenario -->
        <test-method signature="runScenario(io.cucumber.testng.PickleWrapper, io.cucumber.testng.FeatureWrapper)[pri:0, instance:TestRunner@6a396c1e]" started-at="2023-03-18T18:58:06 EDT" name="runScenario" description="Runs Cucumber Scenarios" data-provider="scenarios" finished-at="2023-03-18T18:58:08 EDT" duration-ms="2803" status="PASS">
          <params>
            <param index="0">
              <value>
                <![CDATA["User should be able to login with a brand new email with unique email address"]]>
              </value>
            </param>
            <param index="1">
              <value>
                <![CDATA["Optional[Signup Feature]"]]>
              </value>
            </param>
          </params>
          <reporter-output>
          </reporter-output>
        </test-method> <!-- runScenario -->
        <test-method is-config="true" signature="tearDownClass()[pri:0, instance:TestRunner@6a396c1e]" started-at="2023-03-18T18:58:08 EDT" name="tearDownClass" finished-at="2023-03-18T18:58:09 EDT" duration-ms="75" status="PASS">
          <reporter-output>
          </reporter-output>
        </test-method> <!-- tearDownClass -->
      </class> <!-- TestRunner -->
    </test> <!-- Surefire test -->
  </suite> <!-- Surefire suite -->
</testng-results>
